<?xml version="1.0" encoding="UTF-8"?>
<!-- Generated by org.testng.reporters.JUnitXMLReporter -->
<testsuite hostname="DESKTOP-6IT123O" ignored="5" name="Default test(failed)(failed)" tests="1" failures="0" timestamp="31 Jul 2022 17:44:51 GMT" time="27.018" errors="0">
  <testcase name="Admin" time="2.771" classname="may12.NewT"/>
  <testcase name="Leave" time="0.0" classname="may12.NewT">
    <ignored/>
  </testcase> <!-- Leave -->
  <testcase name="Performance" time="0.0" classname="may12.NewT">
    <ignored/>
  </testcase> <!-- Performance -->
  <testcase name="Dashboard" time="0.0" classname="may12.NewT">
    <ignored/>
  </testcase> <!-- Dashboard -->
  <testcase name="Time" time="0.0" classname="may12.NewT">
    <ignored/>
  </testcase> <!-- Time -->
  <testcase name="Pim" time="0.0" classname="may12.NewT">
    <ignored/>
  </testcase> <!-- Pim -->
</testsuite> <!-- Default test(failed)(failed) -->
