<?xml version="1.0" encoding="UTF-8"?>
<testng-results skipped="0" failed="0" ignored="0" total="1" passed="1">
  <reporter-output>
  </reporter-output>
  <suite name="Suite" duration-ms="10176" started-at="2022-10-17T17:31:20Z" finished-at="2022-10-17T17:31:30Z">
    <groups>
    </groups>
    <test name="Test" duration-ms="10176" started-at="2022-10-17T17:31:20Z" finished-at="2022-10-17T17:31:30Z">
      <class name="may14.Testadmin">
        <test-method status="PASS" signature="verifyTittle()[pri:0, instance:may14.Testadmin@59e5ddf]" name="verifyTittle" duration-ms="10141" started-at="2022-10-17T17:31:20Z" finished-at="2022-10-17T17:31:30Z">
          <reporter-output>
          </reporter-output>
        </test-method> <!-- verifyTittle -->
      </class> <!-- may14.Testadmin -->
    </test> <!-- Test -->
  </suite> <!-- Suite -->
</testng-results>
